<?xml version="1.0" encoding="UTF-8"?>
<testng-results skipped="0" failed="0" ignored="0" total="1" passed="1">
  <reporter-output>
  </reporter-output>
  <suite name="Suite1" duration-ms="19361" started-at="2019-08-28T19:26:03Z" finished-at="2019-08-28T19:26:22Z">
    <groups>
    </groups>
    <test name="Regression1" duration-ms="19361" started-at="2019-08-28T19:26:03Z" finished-at="2019-08-28T19:26:22Z">
      <class name="com.parasoft.parabank.testcases.RegisterUser">
        <test-method status="PASS" signature="setup()[pri:0, instance:com.parasoft.parabank.testcases.RegisterUser@19dfb72a]" name="setup" is-config="true" duration-ms="17460" started-at="2019-08-28T19:26:03Z" finished-at="2019-08-28T19:26:20Z">
          <reporter-output>
          </reporter-output>
        </test-method> <!-- setup -->
        <test-method status="PASS" signature="testRegister()[pri:0, instance:com.parasoft.parabank.testcases.RegisterUser@19dfb72a]" name="testRegister" duration-ms="1885" started-at="2019-08-28T19:26:20Z" finished-at="2019-08-28T19:26:22Z">
          <reporter-output>
          </reporter-output>
        </test-method> <!-- testRegister -->
      </class> <!-- com.parasoft.parabank.testcases.RegisterUser -->
    </test> <!-- Regression1 -->
  </suite> <!-- Suite1 -->
</testng-results>
