<?xml version="1.0" encoding="UTF-8"?>
<testng-results skipped="0" failed="0" ignored="0" total="1" passed="1">
  <reporter-output>
  </reporter-output>
  <suite name="Surefire suite" duration-ms="9995" started-at="2019-08-26T19:39:32Z" finished-at="2019-08-26T19:39:42Z">
    <groups>
    </groups>
    <test name="Surefire test" duration-ms="9995" started-at="2019-08-26T19:39:32Z" finished-at="2019-08-26T19:39:42Z">
      <class name="com.parasoft.parabank.testcases.RegisterUser">
        <test-method status="PASS" signature="setup()[pri:0, instance:com.parasoft.parabank.testcases.RegisterUser@b684286]" name="setup" is-config="true" duration-ms="9275" started-at="2019-08-26T19:39:32Z" finished-at="2019-08-26T19:39:41Z">
          <reporter-output>
          </reporter-output>
        </test-method> <!-- setup -->
        <test-method status="PASS" signature="testRegister()[pri:0, instance:com.parasoft.parabank.testcases.RegisterUser@b684286]" name="testRegister" duration-ms="695" started-at="2019-08-26T19:39:41Z" finished-at="2019-08-26T19:39:42Z">
          <reporter-output>
          </reporter-output>
        </test-method> <!-- testRegister -->
      </class> <!-- com.parasoft.parabank.testcases.RegisterUser -->
    </test> <!-- Surefire test -->
  </suite> <!-- Surefire suite -->
</testng-results>
